[debug] [2023-06-04T02:11:33.240Z] ----------------------------------------------------------------------
[debug] [2023-06-04T02:11:33.242Z] Command:       C:\Program Files\nodejs\node.exe C:\Users\dongk\AppData\Roaming\npm\node_modules\firebase-tools\lib\bin\firebase.js init functions
[debug] [2023-06-04T02:11:33.242Z] CLI Version:   12.3.0
[debug] [2023-06-04T02:11:33.243Z] Platform:      win32
[debug] [2023-06-04T02:11:33.243Z] Node Version:  v18.14.2
[debug] [2023-06-04T02:11:33.244Z] Time:          Sun Jun 04 2023 11:11:33 GMT+0900 (대한민국 표준시)
[debug] [2023-06-04T02:11:33.244Z] ----------------------------------------------------------------------
[debug] 
[debug] [2023-06-04T02:11:33.316Z] > command requires scopes: ["email","openid","https://www.googleapis.com/auth/cloudplatformprojects.readonly","https://www.googleapis.com/auth/firebase","https://www.googleapis.com/auth/cloud-platform"]
[debug] [2023-06-04T02:11:33.316Z] > authorizing via signed-in user (dongkyun2331@gmail.com)
[info] 
     ######## #### ########  ######## ########     ###     ######  ########
     ##        ##  ##     ## ##       ##     ##  ##   ##  ##       ##
     ######    ##  ########  ######   ########  #########  ######  ######
     ##        ##  ##    ##  ##       ##     ## ##     ##       ## ##
     ##       #### ##     ## ######## ########  ##     ##  ######  ########

You're about to initialize a Firebase project in this directory:

  D:\eth

Before we get started, keep in mind:

  * You are initializing within an existing Firebase project directory

[info] 
=== Project Setup
[info] 
[info] First, let's associate this project directory with a Firebase project.
[info] You can create multiple project aliases by running firebase use --add, 
[info] but for now we'll just set up a default project.
[info] 
[debug] [2023-06-04T02:11:35.698Z] Using project from CLI flag: eth-pori
[debug] [2023-06-04T02:11:35.702Z] >>> [apiv2][query] GET https://firebase.googleapis.com/v1beta1/projects/eth-pori [none]
[debug] [2023-06-04T02:11:36.245Z] <<< [apiv2][status] GET https://firebase.googleapis.com/v1beta1/projects/eth-pori 200
[debug] [2023-06-04T02:11:36.246Z] <<< [apiv2][body] GET https://firebase.googleapis.com/v1beta1/projects/eth-pori {"projectId":"eth-pori","projectNumber":"120376394663","displayName":"eth-pori","name":"projects/eth-pori","resources":{"hostingSite":"eth-pori"},"state":"ACTIVE","etag":"1_40d88dfb-ba05-4ba8-81bb-4563456c52bc"}
[info] i  Using project eth-pori (eth-pori) 
[info] 
=== Functions Setup
[debug] [2023-06-04T02:11:36.265Z] > command requires scopes: ["email","openid","https://www.googleapis.com/auth/cloudplatformprojects.readonly","https://www.googleapis.com/auth/firebase","https://www.googleapis.com/auth/cloud-platform"]
[debug] [2023-06-04T02:11:36.266Z] > authorizing via signed-in user (dongkyun2331@gmail.com)
[debug] [2023-06-04T02:11:36.266Z] [iam] checking project eth-pori for permissions ["firebase.projects.get"]
[debug] [2023-06-04T02:11:36.266Z] >>> [apiv2][query] POST https://cloudresourcemanager.googleapis.com/v1/projects/eth-pori:testIamPermissions [none]
[debug] [2023-06-04T02:11:36.267Z] >>> [apiv2][(partial)header] POST https://cloudresourcemanager.googleapis.com/v1/projects/eth-pori:testIamPermissions x-goog-quota-user=projects/eth-pori
[debug] [2023-06-04T02:11:36.267Z] >>> [apiv2][body] POST https://cloudresourcemanager.googleapis.com/v1/projects/eth-pori:testIamPermissions {"permissions":["firebase.projects.get"]}
[debug] [2023-06-04T02:11:37.199Z] <<< [apiv2][status] POST https://cloudresourcemanager.googleapis.com/v1/projects/eth-pori:testIamPermissions 200
[debug] [2023-06-04T02:11:37.199Z] <<< [apiv2][body] POST https://cloudresourcemanager.googleapis.com/v1/projects/eth-pori:testIamPermissions {"permissions":["firebase.projects.get"]}
[debug] [2023-06-04T02:11:37.200Z] >>> [apiv2][query] GET https://serviceusage.googleapis.com/v1/projects/eth-pori/services/cloudfunctions.googleapis.com [none]
[debug] [2023-06-04T02:11:37.200Z] >>> [apiv2][(partial)header] GET https://serviceusage.googleapis.com/v1/projects/eth-pori/services/cloudfunctions.googleapis.com x-goog-quota-user=projects/eth-pori
[debug] [2023-06-04T02:11:37.201Z] >>> [apiv2][query] GET https://serviceusage.googleapis.com/v1/projects/eth-pori/services/runtimeconfig.googleapis.com [none]
[debug] [2023-06-04T02:11:37.201Z] >>> [apiv2][(partial)header] GET https://serviceusage.googleapis.com/v1/projects/eth-pori/services/runtimeconfig.googleapis.com x-goog-quota-user=projects/eth-pori
[debug] [2023-06-04T02:11:38.804Z] <<< [apiv2][status] GET https://serviceusage.googleapis.com/v1/projects/eth-pori/services/runtimeconfig.googleapis.com 200
[debug] [2023-06-04T02:11:38.804Z] <<< [apiv2][body] GET https://serviceusage.googleapis.com/v1/projects/eth-pori/services/runtimeconfig.googleapis.com [omitted]
[debug] [2023-06-04T02:11:38.805Z] <<< [apiv2][status] GET https://serviceusage.googleapis.com/v1/projects/eth-pori/services/cloudfunctions.googleapis.com 200
[debug] [2023-06-04T02:11:38.805Z] <<< [apiv2][body] GET https://serviceusage.googleapis.com/v1/projects/eth-pori/services/cloudfunctions.googleapis.com [omitted]
[info] Let's create a new codebase for your functions.
[info] A directory corresponding to the codebase will be created in your project
[info] with sample code pre-configured.

[info] See https://firebase.google.com/docs/functions/organize-functions for
[info] more information on organizing your functions using codebases.

[info] Functions can be deployed with firebase deploy.

[info] +  Wrote functions/package.json 
[info] +  Wrote functions/index.js 
[info] +  Wrote functions/.gitignore 
[debug] [2023-06-04T02:18:22.195Z] ----------------------------------------------------------------------
[debug] [2023-06-04T02:18:22.197Z] Command:       C:\Program Files\nodejs\node.exe C:\Users\dongk\AppData\Roaming\npm\node_modules\firebase-tools\lib\bin\firebase.js init
[debug] [2023-06-04T02:18:22.197Z] CLI Version:   12.3.0
[debug] [2023-06-04T02:18:22.197Z] Platform:      win32
[debug] [2023-06-04T02:18:22.198Z] Node Version:  v18.14.2
[debug] [2023-06-04T02:18:22.199Z] Time:          Sun Jun 04 2023 11:18:22 GMT+0900 (대한민국 표준시)
[debug] [2023-06-04T02:18:22.199Z] ----------------------------------------------------------------------
[debug] 
[debug] [2023-06-04T02:18:22.270Z] > command requires scopes: ["email","openid","https://www.googleapis.com/auth/cloudplatformprojects.readonly","https://www.googleapis.com/auth/firebase","https://www.googleapis.com/auth/cloud-platform"]
[debug] [2023-06-04T02:18:22.271Z] > authorizing via signed-in user (dongkyun2331@gmail.com)
[info] 
     ######## #### ########  ######## ########     ###     ######  ########
     ##        ##  ##     ## ##       ##     ##  ##   ##  ##       ##
     ######    ##  ########  ######   ########  #########  ######  ######
     ##        ##  ##    ##  ##       ##     ## ##     ##       ## ##
     ##       #### ##     ## ######## ########  ##     ##  ######  ########

You're about to initialize a Firebase project in this directory:

  D:\eth

Before we get started, keep in mind:

  * You are initializing within an existing Firebase project directory

